GROUP,PACKAGE,CLASS,INSTRUCTION_MISSED,INSTRUCTION_COVERED,BRANCH_MISSED,BRANCH_COVERED,LINE_MISSED,LINE_COVERED,COMPLEXITY_MISSED,COMPLEXITY_COVERED,METHOD_MISSED,METHOD_COVERED
GeneDecoder,com.study.oop.enums,AminoacidSequenceOrderEnum,3,91,0,0,1,12,1,3,1,3
GeneDecoder,com.study.oop.entity,Gene,55,212,5,17,9,57,10,18,5,12
GeneDecoder,com.study.oop.entity,Genoma,6,180,0,18,2,48,0,15,0,6
GeneDecoder,com.study.oop.entity,AminoacidTable,0,411,0,2,0,73,0,5,0,4
GeneDecoder,com.study.oop.controller,GenomaController,13,0,0,0,4,0,2,0,2,0
