<?xml version="1.0" encoding="UTF-8"?>
<testsuite xmlns:xsi="http://www.w3.org/2001/XMLSchema-instance" xsi:noNamespaceSchemaLocation="https://maven.apache.org/surefire/maven-surefire-plugin/xsd/surefire-test-report.xsd" name="GeneTest" time="0.423" tests="8" errors="0" skipped="0" failures="0">
  <properties>
[...]
</properties>
  <testcase name="getTresCincoDois" classname="GeneTest" time="0.001"/>
  <testcase name="getTresCincoTres" classname="GeneTest" time="0"/>
  <testcase name="howManyGenes" classname="GeneTest" time="0.394"/>
  <testcase name="getRightSequence" classname="GeneTest" time="0.002"/>
  <testcase name="getTresCincoUm" classname="GeneTest" time="0.002"/>
  <testcase name="getCincoTresUm" classname="GeneTest" time="0.001"/>
  <testcase name="getCincoTresDois" classname="GeneTest" time="0.003"/>
  <testcase name="getCincoTresTres" classname="GeneTest" time="0"/>
</testsuite>