<?xml version="1.0" encoding="UTF-8"?>
<testsuite xmlns:xsi="http://www.w3.org/2001/XMLSchema-instance" xsi:noNamespaceSchemaLocation="https://maven.apache.org/surefire/maven-surefire-plugin/xsd/surefire-test-report.xsd" name="com.study.oop.GeneTest" time="0.358" tests="8" errors="0" skipped="0" failures="0">
  <properties>
[...]
</properties>
  <testcase name="getTresCincoDois" classname="com.study.oop.GeneTest" time="0.001"/>
  <testcase name="getTresCincoTres" classname="com.study.oop.GeneTest" time="0.002"/>
  <testcase name="howManyGenes" classname="com.study.oop.GeneTest" time="0.301"/>
  <testcase name="getRightSequence" classname="com.study.oop.GeneTest" time="0.009"/>
  <testcase name="getTresCincoUm" classname="com.study.oop.GeneTest" time="0.001"/>
  <testcase name="getCincoTresUm" classname="com.study.oop.GeneTest" time="0.006"/>
  <testcase name="getCincoTresDois" classname="com.study.oop.GeneTest" time="0.001"/>
  <testcase name="getCincoTresTres" classname="com.study.oop.GeneTest" time="0.001"/>
</testsuite>